<?xml version="1.0" encoding="UTF-8"?>
<testsuite xmlns:xsi="http://www.w3.org/2001/XMLSchema-instance" xsi:noNamespaceSchemaLocation="https://maven.apache.org/surefire/maven-surefire-plugin/xsd/surefire-test-report-3.0.xsd" version="3.0" name="PACKAGE_NAME.LayoutTests" time="0.003" tests="0" errors="0" skipped="0" failures="0">
  <properties>
    <property name="java.specification.version" value="20"/>
    <property name="sun.jnu.encoding" value="UTF-8"/>
    <property name="java.class.path" value="/Users/gabrielsalvador/Code/controlP5/target/test-classes:/Users/gabrielsalvador/Code/controlP5/target/classes:/Users/gabrielsalvador/.m2/repository/com/github/micycle1/processing-core-4/4.2/processing-core-4-4.2.jar:/Users/gabrielsalvador/.m2/repository/org/openjfx/javafx-controls/19.0.2.1/javafx-controls-19.0.2.1.jar:/Users/gabrielsalvador/.m2/repository/org/openjfx/javafx-controls/19.0.2.1/javafx-controls-19.0.2.1-mac-aarch64.jar:/Users/gabrielsalvador/.m2/repository/org/openjfx/javafx-graphics/19.0.2.1/javafx-graphics-19.0.2.1.jar:/Users/gabrielsalvador/.m2/repository/org/openjfx/javafx-graphics/19.0.2.1/javafx-graphics-19.0.2.1-mac-aarch64.jar:/Users/gabrielsalvador/.m2/repository/org/openjfx/javafx-base/19.0.2.1/javafx-base-19.0.2.1.jar:/Users/gabrielsalvador/.m2/repository/org/openjfx/javafx-base/19.0.2.1/javafx-base-19.0.2.1-mac-aarch64.jar:/Users/gabrielsalvador/.m2/repository/org/jogamp/jogl/jogl-all-main/2.4.0/jogl-all-main-2.4.0.jar:/Users/gabrielsalvador/.m2/repository/org/jogamp/jogl/jogl-all/2.4.0/jogl-all-2.4.0.jar:/Users/gabrielsalvador/.m2/repository/org/jogamp/jogl/jogl-all/2.4.0/jogl-all-2.4.0-natives-android-aarch64.jar:/Users/gabrielsalvador/.m2/repository/org/jogamp/jogl/jogl-all/2.4.0/jogl-all-2.4.0-natives-linux-amd64.jar:/Users/gabrielsalvador/.m2/repository/org/jogamp/jogl/jogl-all/2.4.0/jogl-all-2.4.0-natives-linux-armv6hf.jar:/Users/gabrielsalvador/.m2/repository/org/jogamp/jogl/jogl-all/2.4.0/jogl-all-2.4.0-natives-linux-aarch64.jar:/Users/gabrielsalvador/.m2/repository/org/jogamp/jogl/jogl-all/2.4.0/jogl-all-2.4.0-natives-macosx-universal.jar:/Users/gabrielsalvador/.m2/repository/org/jogamp/jogl/jogl-all/2.4.0/jogl-all-2.4.0-natives-windows-amd64.jar:/Users/gabrielsalvador/.m2/repository/org/jogamp/gluegen/gluegen-rt-main/2.4.0/gluegen-rt-main-2.4.0.jar:/Users/gabrielsalvador/.m2/repository/org/jogamp/gluegen/gluegen-rt/2.4.0/gluegen-rt-2.4.0.jar:/Users/gabrielsalvador/.m2/repository/org/jogamp/gluegen/gluegen-rt/2.4.0/gluegen-rt-2.4.0-natives-android-aarch64.jar:/Users/gabrielsalvador/.m2/repository/org/jogamp/gluegen/gluegen-rt/2.4.0/gluegen-rt-2.4.0-natives-linux-amd64.jar:/Users/gabrielsalvador/.m2/repository/org/jogamp/gluegen/gluegen-rt/2.4.0/gluegen-rt-2.4.0-natives-linux-armv6hf.jar:/Users/gabrielsalvador/.m2/repository/org/jogamp/gluegen/gluegen-rt/2.4.0/gluegen-rt-2.4.0-natives-linux-aarch64.jar:/Users/gabrielsalvador/.m2/repository/org/jogamp/gluegen/gluegen-rt/2.4.0/gluegen-rt-2.4.0-natives-macosx-universal.jar:/Users/gabrielsalvador/.m2/repository/org/jogamp/gluegen/gluegen-rt/2.4.0/gluegen-rt-2.4.0-natives-windows-amd64.jar:/Users/gabrielsalvador/.m2/repository/antlr/antlr/2.7.7/antlr-2.7.7.jar:/Users/gabrielsalvador/.m2/repository/org/apache/xmlgraphics/batik-svggen/1.16/batik-svggen-1.16.jar:/Users/gabrielsalvador/.m2/repository/org/apache/xmlgraphics/batik-awt-util/1.16/batik-awt-util-1.16.jar:/Users/gabrielsalvador/.m2/repository/org/apache/xmlgraphics/xmlgraphics-commons/2.7/xmlgraphics-commons-2.7.jar:/Users/gabrielsalvador/.m2/repository/commons-io/commons-io/1.3.1/commons-io-1.3.1.jar:/Users/gabrielsalvador/.m2/repository/commons-logging/commons-logging/1.0.4/commons-logging-1.0.4.jar:/Users/gabrielsalvador/.m2/repository/org/apache/xmlgraphics/batik-shared-resources/1.16/batik-shared-resources-1.16.jar:/Users/gabrielsalvador/.m2/repository/org/apache/xmlgraphics/batik-util/1.16/batik-util-1.16.jar:/Users/gabrielsalvador/.m2/repository/org/apache/xmlgraphics/batik-constants/1.16/batik-constants-1.16.jar:/Users/gabrielsalvador/.m2/repository/org/apache/xmlgraphics/batik-i18n/1.16/batik-i18n-1.16.jar:/Users/gabrielsalvador/.m2/repository/org/apache/xmlgraphics/batik-dom/1.16/batik-dom-1.16.jar:/Users/gabrielsalvador/.m2/repository/org/apache/xmlgraphics/batik-css/1.16/batik-css-1.16.jar:/Users/gabrielsalvador/.m2/repository/org/apache/xmlgraphics/batik-ext/1.16/batik-ext-1.16.jar:/Users/gabrielsalvador/.m2/repository/org/apache/xmlgraphics/batik-xml/1.16/batik-xml-1.16.jar:/Users/gabrielsalvador/.m2/repository/xml-apis/xml-apis-ext/1.3.04/xml-apis-ext-1.3.04.jar:/Users/gabrielsalvador/.m2/repository/com/lowagie/itext/2.1.7/itext-2.1.7.jar:/Users/gabrielsalvador/.m2/repository/bouncycastle/bcmail-jdk14/138/bcmail-jdk14-138.jar:/Users/gabrielsalvador/.m2/repository/bouncycastle/bcprov-jdk14/138/bcprov-jdk14-138.jar:/Users/gabrielsalvador/.m2/repository/org/bouncycastle/bctsp-jdk14/1.38/bctsp-jdk14-1.38.jar:/Users/gabrielsalvador/.m2/repository/org/bouncycastle/bcprov-jdk14/1.38/bcprov-jdk14-1.38.jar:/Users/gabrielsalvador/.m2/repository/org/bouncycastle/bcmail-jdk14/1.38/bcmail-jdk14-1.38.jar:/Users/gabrielsalvador/.m2/repository/org/antlr/antlr4-runtime/4.13.0/antlr4-runtime-4.13.0.jar:"/>
    <property name="java.vm.vendor" value="Homebrew"/>
    <property name="sun.arch.data.model" value="64"/>
    <property name="java.vendor.url" value="https://github.com/Homebrew/homebrew-core/issues"/>
    <property name="os.name" value="Mac OS X"/>
    <property name="java.vm.specification.version" value="20"/>
    <property name="sun.java.launcher" value="SUN_STANDARD"/>
    <property name="user.country" value="PT"/>
    <property name="sun.boot.library.path" value="/opt/homebrew/Cellar/openjdk/20.0.1/libexec/openjdk.jdk/Contents/Home/lib"/>
    <property name="sun.java.command" value="/Users/gabrielsalvador/Code/controlP5/target/surefire/surefirebooter-20230723001211572_3.jar /Users/gabrielsalvador/Code/controlP5/target/surefire 2023-07-23T00-12-11_531-jvmRun1 surefire-20230723001211572_1tmp surefire_0-20230723001211572_2tmp"/>
    <property name="http.nonProxyHosts" value="local|*.local|169.254/16|*.169.254/16"/>
    <property name="jdk.debug" value="release"/>
    <property name="surefire.test.class.path" value="/Users/gabrielsalvador/Code/controlP5/target/test-classes:/Users/gabrielsalvador/Code/controlP5/target/classes:/Users/gabrielsalvador/.m2/repository/com/github/micycle1/processing-core-4/4.2/processing-core-4-4.2.jar:/Users/gabrielsalvador/.m2/repository/org/openjfx/javafx-controls/19.0.2.1/javafx-controls-19.0.2.1.jar:/Users/gabrielsalvador/.m2/repository/org/openjfx/javafx-controls/19.0.2.1/javafx-controls-19.0.2.1-mac-aarch64.jar:/Users/gabrielsalvador/.m2/repository/org/openjfx/javafx-graphics/19.0.2.1/javafx-graphics-19.0.2.1.jar:/Users/gabrielsalvador/.m2/repository/org/openjfx/javafx-graphics/19.0.2.1/javafx-graphics-19.0.2.1-mac-aarch64.jar:/Users/gabrielsalvador/.m2/repository/org/openjfx/javafx-base/19.0.2.1/javafx-base-19.0.2.1.jar:/Users/gabrielsalvador/.m2/repository/org/openjfx/javafx-base/19.0.2.1/javafx-base-19.0.2.1-mac-aarch64.jar:/Users/gabrielsalvador/.m2/repository/org/jogamp/jogl/jogl-all-main/2.4.0/jogl-all-main-2.4.0.jar:/Users/gabrielsalvador/.m2/repository/org/jogamp/jogl/jogl-all/2.4.0/jogl-all-2.4.0.jar:/Users/gabrielsalvador/.m2/repository/org/jogamp/jogl/jogl-all/2.4.0/jogl-all-2.4.0-natives-android-aarch64.jar:/Users/gabrielsalvador/.m2/repository/org/jogamp/jogl/jogl-all/2.4.0/jogl-all-2.4.0-natives-linux-amd64.jar:/Users/gabrielsalvador/.m2/repository/org/jogamp/jogl/jogl-all/2.4.0/jogl-all-2.4.0-natives-linux-armv6hf.jar:/Users/gabrielsalvador/.m2/repository/org/jogamp/jogl/jogl-all/2.4.0/jogl-all-2.4.0-natives-linux-aarch64.jar:/Users/gabrielsalvador/.m2/repository/org/jogamp/jogl/jogl-all/2.4.0/jogl-all-2.4.0-natives-macosx-universal.jar:/Users/gabrielsalvador/.m2/repository/org/jogamp/jogl/jogl-all/2.4.0/jogl-all-2.4.0-natives-windows-amd64.jar:/Users/gabrielsalvador/.m2/repository/org/jogamp/gluegen/gluegen-rt-main/2.4.0/gluegen-rt-main-2.4.0.jar:/Users/gabrielsalvador/.m2/repository/org/jogamp/gluegen/gluegen-rt/2.4.0/gluegen-rt-2.4.0.jar:/Users/gabrielsalvador/.m2/repository/org/jogamp/gluegen/gluegen-rt/2.4.0/gluegen-rt-2.4.0-natives-android-aarch64.jar:/Users/gabrielsalvador/.m2/repository/org/jogamp/gluegen/gluegen-rt/2.4.0/gluegen-rt-2.4.0-natives-linux-amd64.jar:/Users/gabrielsalvador/.m2/repository/org/jogamp/gluegen/gluegen-rt/2.4.0/gluegen-rt-2.4.0-natives-linux-armv6hf.jar:/Users/gabrielsalvador/.m2/repository/org/jogamp/gluegen/gluegen-rt/2.4.0/gluegen-rt-2.4.0-natives-linux-aarch64.jar:/Users/gabrielsalvador/.m2/repository/org/jogamp/gluegen/gluegen-rt/2.4.0/gluegen-rt-2.4.0-natives-macosx-universal.jar:/Users/gabrielsalvador/.m2/repository/org/jogamp/gluegen/gluegen-rt/2.4.0/gluegen-rt-2.4.0-natives-windows-amd64.jar:/Users/gabrielsalvador/.m2/repository/antlr/antlr/2.7.7/antlr-2.7.7.jar:/Users/gabrielsalvador/.m2/repository/org/apache/xmlgraphics/batik-svggen/1.16/batik-svggen-1.16.jar:/Users/gabrielsalvador/.m2/repository/org/apache/xmlgraphics/batik-awt-util/1.16/batik-awt-util-1.16.jar:/Users/gabrielsalvador/.m2/repository/org/apache/xmlgraphics/xmlgraphics-commons/2.7/xmlgraphics-commons-2.7.jar:/Users/gabrielsalvador/.m2/repository/commons-io/commons-io/1.3.1/commons-io-1.3.1.jar:/Users/gabrielsalvador/.m2/repository/commons-logging/commons-logging/1.0.4/commons-logging-1.0.4.jar:/Users/gabrielsalvador/.m2/repository/org/apache/xmlgraphics/batik-shared-resources/1.16/batik-shared-resources-1.16.jar:/Users/gabrielsalvador/.m2/repository/org/apache/xmlgraphics/batik-util/1.16/batik-util-1.16.jar:/Users/gabrielsalvador/.m2/repository/org/apache/xmlgraphics/batik-constants/1.16/batik-constants-1.16.jar:/Users/gabrielsalvador/.m2/repository/org/apache/xmlgraphics/batik-i18n/1.16/batik-i18n-1.16.jar:/Users/gabrielsalvador/.m2/repository/org/apache/xmlgraphics/batik-dom/1.16/batik-dom-1.16.jar:/Users/gabrielsalvador/.m2/repository/org/apache/xmlgraphics/batik-css/1.16/batik-css-1.16.jar:/Users/gabrielsalvador/.m2/repository/org/apache/xmlgraphics/batik-ext/1.16/batik-ext-1.16.jar:/Users/gabrielsalvador/.m2/repository/org/apache/xmlgraphics/batik-xml/1.16/batik-xml-1.16.jar:/Users/gabrielsalvador/.m2/repository/xml-apis/xml-apis-ext/1.3.04/xml-apis-ext-1.3.04.jar:/Users/gabrielsalvador/.m2/repository/com/lowagie/itext/2.1.7/itext-2.1.7.jar:/Users/gabrielsalvador/.m2/repository/bouncycastle/bcmail-jdk14/138/bcmail-jdk14-138.jar:/Users/gabrielsalvador/.m2/repository/bouncycastle/bcprov-jdk14/138/bcprov-jdk14-138.jar:/Users/gabrielsalvador/.m2/repository/org/bouncycastle/bctsp-jdk14/1.38/bctsp-jdk14-1.38.jar:/Users/gabrielsalvador/.m2/repository/org/bouncycastle/bcprov-jdk14/1.38/bcprov-jdk14-1.38.jar:/Users/gabrielsalvador/.m2/repository/org/bouncycastle/bcmail-jdk14/1.38/bcmail-jdk14-1.38.jar:/Users/gabrielsalvador/.m2/repository/org/antlr/antlr4-runtime/4.13.0/antlr4-runtime-4.13.0.jar:"/>
    <property name="sun.cpu.endian" value="little"/>
    <property name="user.home" value="/Users/gabrielsalvador"/>
    <property name="user.language" value="en"/>
    <property name="java.specification.vendor" value="Oracle Corporation"/>
    <property name="java.version.date" value="2023-04-18"/>
    <property name="java.home" value="/opt/homebrew/Cellar/openjdk/20.0.1/libexec/openjdk.jdk/Contents/Home"/>
    <property name="file.separator" value="/"/>
    <property name="basedir" value="/Users/gabrielsalvador/Code/controlP5"/>
    <property name="java.vm.compressedOopsMode" value="Zero based"/>
    <property name="line.separator" value="&#10;"/>
    <property name="java.vm.specification.vendor" value="Oracle Corporation"/>
    <property name="java.specification.name" value="Java Platform API Specification"/>
    <property name="apple.awt.application.name" value="ForkedBooter"/>
    <property name="surefire.real.class.path" value="/Users/gabrielsalvador/Code/controlP5/target/surefire/surefirebooter-20230723001211572_3.jar"/>
    <property name="sun.management.compiler" value="HotSpot 64-Bit Tiered Compilers"/>
    <property name="ftp.nonProxyHosts" value="local|*.local|169.254/16|*.169.254/16"/>
    <property name="java.runtime.version" value="20.0.1"/>
    <property name="user.name" value="gabrielsalvador"/>
    <property name="stdout.encoding" value="UTF-8"/>
    <property name="path.separator" value=":"/>
    <property name="os.version" value="13.2.1"/>
    <property name="java.runtime.name" value="OpenJDK Runtime Environment"/>
    <property name="file.encoding" value="UTF-8"/>
    <property name="java.vm.name" value="OpenJDK 64-Bit Server VM"/>
    <property name="java.vendor.version" value="Homebrew"/>
    <property name="localRepository" value="/Users/gabrielsalvador/.m2/repository"/>
    <property name="java.vendor.url.bug" value="https://github.com/Homebrew/homebrew-core/issues"/>
    <property name="java.io.tmpdir" value="/var/folders/3w/rr68zpn96d91kcqspbq3r2f00000gn/T/"/>
    <property name="java.version" value="20.0.1"/>
    <property name="user.dir" value="/Users/gabrielsalvador/Code/controlP5"/>
    <property name="os.arch" value="aarch64"/>
    <property name="java.vm.specification.name" value="Java Virtual Machine Specification"/>
    <property name="native.encoding" value="UTF-8"/>
    <property name="java.library.path" value="/Users/gabrielsalvador/Library/Java/Extensions:/Library/Java/Extensions:/Network/Library/Java/Extensions:/System/Library/Java/Extensions:/usr/lib/java:."/>
    <property name="java.vm.info" value="mixed mode, sharing"/>
    <property name="stderr.encoding" value="UTF-8"/>
    <property name="java.vendor" value="Homebrew"/>
    <property name="java.vm.version" value="20.0.1"/>
    <property name="sun.io.unicode.encoding" value="UnicodeBig"/>
    <property name="socksNonProxyHosts" value="local|*.local|169.254/16|*.169.254/16"/>
    <property name="java.class.version" value="64.0"/>
  </properties>
</testsuite>